PRSPSRPRLRRPSLYRYYYRRRPYPPSSYSRL
PLRPRLSYSLRLYYSRLSLLPYSRPPRLRRRP
RSLLLRPRLYRRLYRLPRRYLPSLYRLYYLYP
YPYRLLPRLPPLSPPSPSRSRRLPRSYLRRYP
LYYYLSLPYRLPPLPLRYSRLRPLSRPRRRPP
RYPPSSPSRRRRPRYRRLYYRYRRLLRRYSRP
LRLPRSRRLRPLPRRLYPLLSSPPRRSYPRRL
PYSLPYSLRRYYYLPPSYRLPLPYYRLRYSYL
RRPYSRPPLSPRLPLYRRYLSRPRLSPPSPRY
RYLPSLPYLRYPLRRLYLRLPPRPSPYRRLPR
PRRRLRYSLRRLSPYPRLPRPYSPRRSSRRPR
SPRPRSPLRRPRLRYRPSLLPPRPLYSPLPPL
SRLLYSSLSPYSLPRYLLSPRLRPRYPRLSRY
YLLSRRPRYRPRSSPPSRYYPSRRYRRPRRLR
SSRRPPSRPSPSLPSSRSPRPRLPRLSRYRSL
SSPRRYLPLRSSRPSYPRPPYRSPSRYLSYRR
SSLSLSPPPPPYLRRRPPYRYYSPSRRSLPSR
RPRRSPSSSLLPYPSLSRPPLYRRSRLRYYPL
SRLYPPPRLLSYPRSPSSYSRYRPRRRSYLLL
SLPRRRYPRRYPYSYRSYYPLYLRSPRYLRPL
YYYYYSPLRRSPYPRPSPRPPRRSLYSRSRYP
PRRRLPYRRPSPYLYYLSRSLYYYPRLRRPYY
YPRYRLYPPSSPRYYPRRYRRRRPRPRRPSYR
PPYYYYYRLYPPPLRRRPLSLPSYRSPPRSRP
RRSRPYRYPRSSPSPSYPRRSYYRLSYPRRPL
RLLYRPPPSSRLRRRRYPLSLYSYSRYPLLYL
RRYLPYYRRRYLRRSLRLRPYYSYLLLPPLLS
PYRYYLRYLPLLYPSSRLLPYLLPRLRYPRRL
YPPYYPLLLRLPRYRSYRYRYLPYLLSSYRPR
RPLPRPPSPRRRLRYYLRLLRRPRRRYPPLSR
PRYSSYRRYPLSSYYLPRRRRRLRSSRSSRPP
PYPYYSSPLYPRRRRRRLSYPRLYPLLSRPPL
LYYLRPPSPRRRSLPRPRPSPLLPSYRPYSSP
LPPPLYYSYPLSRLRPYRPRSLSRRLSLLLLR
PRRRRYSYLSSLPLLYSRLPSRPPLPPSYYRR
SLRRLPLRRPRRSRRSLPLRPRPYSLPYPRRR
LLLYLLPLSSSLPPRRRPRRRRLRPLLPPPPS
PLLPPSSLLRLPYYPRLSYSRSSRRRYRLYYP
SRRLRYPLLPRLRYPRSSYSPYLLRSPYSLYP
PSPPRYRPSSRRRRRPLSLRPPRPPRSSRRSP
PRYRYPPSYPRYPSLRPPRSSPRRRRLPRLSL
PPYLRRRYPRYYSRLPPRRSSPYPSRRSLRRP
YPYPRYYRYRPRLSRPRPYYRLLPRPPLRLSS
PPRSRPSLLPLPRYRSRYPPRSYRSRRLLYYY
RSPPSPRYSLYPPRLPRRPPPYRLLRYLYLRR
YLYRYRYLPSPYYSRPYPRYYSRRRYPSYRPP
LYLPLPPLLPSPLRSYYPLRSLYLLSSSYLSP
SRRPRYLPRYRPLYYPRRPPYPSLLLPLLYYP
RYRPLYSPSYYYSRYPRLRSRLRLRRPLRLPY
SLYLSRYPRSYSYSRPSSRLLYSYPYPRSYRL
