PSPRLRRSRRRRPPYSPRYRPSRRLSLYYLRP
YSPYSRRLRSPSLRYLSSPRSRPRPYYRLYRY
PYRRSRSLRPLSSYYSRPYPPSLPRSLYPYRS
LYLRLYRRRRPPYYPSYPSLLYRPSYRPRLPL
SYLRPRSRLPSRYPLPRSPYYLSRLSLLPLYL
PSRPLPRYRYSPYLRYLPLPLRPSLRPSPYRY
RRYRRYPLPRSRLPSLRPYPRYSPSRRRLPSY
RRPRYSRRSSPSSYPLRRLPYPRYRPRSPSPY
SRRRRPPRYLSRLLPRSLPRPPRLRYSRYYRP
PPPSLRPYYRRYRRPYPSPPRSLPRSSLPRPR
LRSRYYRLPLLYSYPLPRSYSPLYRYLRPRRS
RSRSPRRRRPSPYSLYSYRYRPPRRSSSLPRY
YRSRYLYYRYPLYLSSRSRRPYRSLPLRSRSR
RSRPRRRRRPLSRPLSLLSSPSLRPRYSRPYP
PLSPPPLPSYRLYPRYPLSRRLPPRPSRPYPS
PLYYSLLLYPRSLYRLYLPSLSRYSSRRPYRS
SPLYYPRRRSSYYLLPSPSYSYRLYRRYSYRP
PPYPRLYRRRLPLLLRSPPYSYYLRRRYLLSY
RLLPPYYYRPSPPLLYLSLRLRPLRRSSRPRY
YLPLYLRRRLSPYRRPRPYYRRRLYYYLPPSP
RRRRPRYLPRYYSYSLSPPSSRPRYRYSRPRY
RPRRYRPSPSRRSSRRSLLPYSYLRPSRSLLP
PYRRYLRSRPSPRYYYYSPRRRLPSLPPLLLL
LYYYRLRYPYLSPRLLYRLYLRRSRLYRRLPR
RYRRYRPLRSYPSSLYRYPLRSYRRRYPYYPS
SYRPPSLYYYPPYRRYRPRYYRRRLPRYLRYL
YRPLSPPLPYYYRLRRPRRYYYRRSYPLLRSS
RLLSLSRRRYRPRRPSYLLLYSRSPPSPLYPY
SSYRRRRPLPRLLYRRLLRYRPLSRYLLPPRS
YYPYPSPRLYRRPYRLRLRPLRLSYLPSSYRL
RRRSRPSPSRLPPPSYPSRPLYPSSYLYRYRL
RRLRYLYPRRSSPRRPPYPSLLLLLPRYLRYY
RYPLPRPSRRPYRLRLPLPRSRRPYRLYYPYS
SLRRPPRPSRSPYRLYPRLRRRPRSPRPRPPR
RRRRPYSYYPLSRPSRRRRSPLRRRPPRYLRR
LLPPRYRSRPLRLYSPYPSPRRPLRPYSLRLY
RSLSSYSYSRRPRRRLRRPRPSPSRLLLYPRP
LSPRYRPLYRSLSYYLRLRRLYPRSRPYLRRL
PPYPRRPLYYYLSRPLRPYSRRRRRPLSRLPP
SSPRSLPRPRSRRLYSLLYPPLPRRRPYRRRR
RYRSRRRPRLRRLRSPRYYPPYPSLLPYYPYL
PSRPSPYLRLRYPYYRYPSLSRPLPRSYRYSP
SYRRPPYRSPPSYPLLLPRSPRSPRYRLYRRP
YRSLLRPRYRRPPRSPRSSSRPRSLRSRPLRR
RLYPPPSSSYRRLYYRRRYPYPRPYYRSYLLR
PYLYSYPSRRRLYRPSPRLSPRPPYPYRSRRS
YYSPRLYPSRRRLYRRLLYLSSRPRSSLSRRP
RSRRPPSRRSRRLPRYSPSSRLPPRYPLRPPS
RRYSLSPYLPYRLRYSSLLPPYPSYLLPSLYR
PSSPPRRSSYSPYPYRRYLLSRYRRYRYSPYR
