SPPPPPPPPYYRRPPPPRRRRRRRRRRRRRRR
SLLLLYYYLYYYYYYYLYYRYRRRYRRRRRRY
SPPPPPPPPRRLLPPPPRRRRRRRRRRRRRRR
SLLYPRRRPRRRRRRRPRRRRRRRRRRRRRRR
SLLYLYYRLYYRYRRRPRRRRRRRRRRRRRRR
SPPPPPPPPYYRRLPPPRRRRRRRRRRRRRRR
SSSSPPPPPPPPPPPPPYYRRRRRRRRRRRRS
SLLLLYYYLYYYYYYYLYYRYRRRYRRRRRRY
SSPPPPPPPRRRRPPPPRRRRRRRRRRRRRRR
SLLLLYYYLYYYYYYYPRRRRRRRRRRRRRRR
SSSSSSSSSSSSSSSSPRRRRRLPPPPPPPPP
SPPPPYPPPYYYYYYYLYYRYRRRYRRRRRYY
SSPPPPPPPYYYYYSLLYYRYRRRYRRRRRRR
SSPPPPPPPYYYYYYLLYYRYRRRYRRRRRRY
SPPPPPPPPYRRPPPPPRRRRRRRRRRRRRRR
SSSSSSSSPLLLLPPPPYYYYYRRRRRSSSLL
SSPPPPPPPRRSLPPPPRRRRRRRRRRRRRRR
SPPPPPPPPPPPPPPPPYRPPPPPPPPPPPPP
SLLLLYYYLYYYYYYYLYYRYRRRYRYYYYYY
SPPLPYYLLYYRYRYYPRRRRRRRRRRRRRRR
SPPPPPPPPYYLPPPPPRRRRRRRRRRRRRRR
SSSSPRLPLYYRYRRRPRRRRRRRRRRRRRRR
SSPPPPPPPRRRRRPPPRRRRRRRRRRRRRRR
SPLYLYYYLYYYYYYYLYYRYRRRYRRRRRRY
SSSSSSSSPYYYYYPPPYYRYYYYYYYYYYYY
SPPPPPPPPPPPPPPPPYYRRRRRPPPPPPPP
SLLYLYYRPRRRRRRRPRRRRRRRRRRRRRRR
SPPYLYYRLYYRYRRRPRRRRRRRRRRRRRRR
SLLLPRLLLYYRYRRRPRRRRRRRRRRRRRRR
SSSSPPPPPPPPPPPPPRRRRRRRRRRRRRSS
SSLLPLLLPYRLLLLLPRRRRRRRRRRRRRRR
SSSSSSSSPSSPPPPPLYYRYRRRYRRRRYYY
SPPPPPPPPYYRRPPPPYYRYRRRYRRRRRRR
SSLLLYYSLYYYYYYYPRRRRRRRRRRRRRRR
SSPLLYYYLYYYYYYYLYYRYRRRYRRRRRRR
SSSSPPPPPPPPPPPPPRRRRRRPPPPPPPPP
SPPPPPPPPYPPPPPPLYYRYRRRYYYYYYYY
SSSSPPPPPPPPPPPPPRRRRLLLLPPPPPPP
SPPPPPPPPYRPPPPPPRRRRRRRRRRRRRRR
SLLYLYYYPRRRRRRRPRRRRRRRRRRRRRRR
SLLLLYYYLYYYYYYYPRRRRRRRRRRRRRRR
SSPPPPPPPPPPPPPPPRRSLLLLLPPPPPPP
SSSSPPPPPPPPPPPPPYYYYRRRRRSSLPPP
SSSSPPPPPPPPPPPPPYYYYYYYYRRSLLPP
SSPPPLLLPYYRRRRLPRRRRRRRRRRRRRRR
SPPPPPPPPPPPPPPPPYYYRRLLLLPPPPPP
SSPPPPPPPRRLLPPPPRRRRRRRRRRRRRRR
SSSSPLPPPLLLLLLLPYRRRRRRSSSLLLLL
SSSSPPPPPPPPPPPPPYYRLLPPPPPPPPPP
SPPPPPPPPPPPPPPPPYYYRRPPPPPPPPPP
