SSSSPPPPPRRRRRSSPRRRRRRRRRRRRRRR
SSPPPRRRPRRRRRRRPRRRRRRRRRRRRRRR
SPPRLYYRPRRRRRRRPRRRRRRRRRRRRRRR
SLLLLYYYLYYYYYYYPRRRRRRRRRRRRRRR
SSPPPPPPPYYRLLPPPRRRRRRRRRRRRRRR
SPPPPPPPPPPPPPPPPYYRYYYYYYYYYYYY
SSLLLYYLLYYYYYYYLYYRYRRRYRRRRYYY
SLPLLYYYLYYRYRRRPRRRRRRRRRRRRRRR
SSLLLLLLLYYYYYYLLYYRYRRRYRRRRRRR
SSPPPPPPPYYYPPPPLYYRYRRYYYYYYYYY
SSPPPPPPPPPPPPPPPYRRRRRRRRRRSLPP
SSPLLYYYLYYRYRRRPRRRRRRRRRRRRRRR
SPPPPPPPPYRRLLLPPRRRRRRRRRRRRRRR
SPPPPPPPPRLLPPPPPYYRRRRRRRRRRRRR
SPPPPPPPPLLPPPPPPYYYRRRRRRRRRRRL
SSPPPPPPPYRLLLPPPRRRRRRRRRRRRRRR
SSSSSSSSPSSPPPPPLYYRYRRRYRRRRRYY
SSSSPPPPPPPPPPPPPRRRRRRRRRRRRRRR
SSPPPPPPPPPPPPPPPYYYYYYYRRRRRLLP
SPPPPLPPPRLLLLLLPRRRRRRRRRRRRRRR
SLLLLYYYLYYRYRRRLYYRYRRRYRRRRRRR
SSSSPYPPLYYRYRRRPRRRRRRRRRRRRRRR
SSPPPLPPPRRRRRRSPRRRRRRRRRRRRRRR
SSSSPLLPPYLLLLLLPRRRRRRRRRRRRRRR
SSPLPYYSLYYRYRYYLYYRYRRRYRRRRRRR
SSSSPPPPPPPPPPPPPYRRRRRRRSSSLLPP
SSSSPPPPPPPPPPPPPYRRRRRRRRLLLLLP
SSSSPPPPPLPPPPPPPYYYYYYRRRRRRRRL
SSSSPLLLPRRRRRRRPRRRRRRRRRRRRRRR
SSPPPRLPPRRRRRRRPRRRRRRRRRRRRRRR
SSPLPLLLPRRRRRSLPRRRRRRRRRRRRRRR
SSSSSSSSPLPPPPPPPRRRRRRRRRRRRRRR
SPPPPPPPPPPPPPPPPYYYYYYRRRRRPPPP
SPLYPRRRPRRRRRRRPRRRRRRRRRRRRRRR
SPPPPPPPPPPPPPPPPYYRYRRRYRRYYYYY
SPLYLYYRLYYRYRRRPRRRRRRRRRRRRRRR
SSLLLYYYLYYRYYYYLYYRYRRRYRRRRRRR
SSSSPYRPPRRRRRRRPRRRRRRRRRRRRRRR
SSPPPPPPPPPPPPPPPYYYYYYYYRRRSPPP
SSPPPPPPPPPPPPPPPYYRRSLLLLLLLLLL
SLPLLYYYLYYRYRRRPRRRRRRRRRRRRRRR
SSSSPPPPPPPPPPPPPYYYYYYYYRRRRRSS
SSSSPPPPPRRRSLLLPRRRRRRRRRRRRRRR
SLLYLYYYPRRRRRRRPRRRRRRRRRRRRRRR
SSSSPPPPPRRLPPPPPRRRRRRRRRRRRRRR
SLLLLYYYLYYYYYYYLYYRYRRRYRRRRRRY
SSSSPPPPPPPPPPPPPYRRRRRRRSLLLPPP
SSSSSSSSPPPPPPPPPYRRRRRRRRRRSPPP
SLLYLYYYPRRRRRRRPRRRRRRRRRRRRRRR
SPPPPPPPPYYYYYYPPRRRRRRRRRRRRRRR
