RPRRRRRRRRRRRSRPRPRPRPRPSSSSSSSS
RPRRRRRPRPRPRPRPRPRPSSSSSSSSSSSS
RPRRRRRRRRRRRRRRRPRRRRSSSSSSSSSS
RPRRRRRRRRRRRRRRRPRPRPRPRPRPRPSP
RPRRRRRRRRRSRPRPRPRPRPRPRPSSSSSS
RPRRRRRRRRRRRSRPRPRPRPRPRPRPRPSS
RPRRRRRRRRRRRRRRRPRRRRRRRPRPRPSP
RPRPPPSPSPSPSPSPSPSPSPSPSPSPSPSP
RPRRRRRRRRRRRPRPRPRPRPRPRPRPRPSS
RPRRRRRRRRRRRSRPRPRPRPRPRPSSSSSS
RPRRRRRRRRRRRRRRRPRPSSSSSSSSSSSS
RPRPRPRPRPRPRPRPRPRPRPSPSPSPSSSS
RPRPRPRPRPRPRPRPRPRPRPRPSPSPSSSS
RPRRRRRRRRRRRRRRRPRRRRRSRPRRSSSS
RPRRRRRRRRRRRRRRRPRRRRRRRPRRRPSP
RPRRRRRRRRRSRPRPRPRPRPRPRPSSSSSS
RPRRRRRRRRRRRRRRRPRSRRSSSSSSSSSS
RPRRRRRRRRRRRRRRRPRRRRRSRPRRSSSS
RPRRRRRRRRRRRRRRRPRRRPRPRPRPRPSP
RPRRRRRRRRRRRRRRRPRSRRRPRPRPRPSS
RPRPRPRPRPSPSPSPSPSPSPSSSSSSSSSS
RPRRRRRRRRRRRRRRRPRSRRRPRPRPSSSS
RPRSRPRPRPRPRPRPRPSSSSSSSSSSSSSS
RPRRRRRRRRRRRRRRRPRPRPRPRPRPRPSS
RPRRRSRPRPRPRPRPRPRPSSSSSSSSSSSS
RPRRRRRRRRRRRRRSRPRPRPRPSSSSSSSS
RPRRRPRPRPRPRPRPRPSSSSSSSSSSSSSS
RPRPRPSPSPSPSPSPSPSPSSSSSSSSSSSS
RPRRRRRRRRRRRRRRRPRPSSSSSSSSSSSS
RPRRRRRRRRRRRRRRRPRSRRRPRPSSSSSS
RPRPRPRPRPSPSSSSSSSSSSSSSSSSSSSS
RPRRRRRRRRRRRRRRRPRRRRRRSSSSSSSS
RPRRRRRRRRRRRRRSRPRPRPSSSSSSSSSS
RPRRRRRSRPRPRPRPRPRPRPRPSSSSSSSS
RPPPPPPPPPPPPPPPPPPPPPPPPPPPPPSP
RPRRRRRRRRRRRRRRRPRRRRRPRPRPRPSS
RPRRRRSSSSSSSSSSSSSSSSSSSSSSSSSS
RPRPSPSPSPSPSPSPSPSSSSSSSSSSSSSS
RPRRRRRRRRRRRRRPRPRPRPSSSSSSSSSS
RPRRRRRRRRRRRRRRRPRRRPRPRPRPRPSS
RPRSRPRPRPRPRPRPRPRPRPRPRPRPRPSS
RPRPRPRPRPRPRPSPSPSPSPSPSPSPSSSS
RPRRRRRRRRRRRPRPRPRPRPRPRPRPRPSP
RPRPRPRPRPRPRPRPRPRPRPSPSPSPSPSS
RPRRRRRRRRRRRRRRRPRSRRRPSSSSSSSS
RPRRRRRRRRRRRRRRRPRRRRRRRPSSSSSS
RPRRRRRRRRRPSSSSSSSSSSSSSSSSSSSS
RPRRRRRRRRRRRRRRRPRSRRRPRPRPRPSS
RPSPSPSPSPSSSSSSSSSSSSSSSSSSSSSS
RPRRRRRRRRRRRRRRRPRRRRRRSSSSSSSS
