RRRPRRRPRRRPRRRPRRRPRRRPRPSSSSSS
RRRPRRRPRRRPRRRPRRRPRRRPRRRPRPSP
RSRPRRRPRRRPRRRPRRRPRRRPRRRPSSSS
RRRPRRRPRRRPRPRPRPRPRPRPRPRPRPSP
PPRPRPRPRPRPRPRPRPRPRPRPRPRPSPSP
RRRPRRRPRRRPRRRPRRRPRRRPRRRPRPSP
RPRPRPRPRPRPRPRPRPRPRPSSSSSSSSSS
PPRPRPSPSPSPSPSPSPSPSPSPSPSPSPSP
RPRPSPSPSPSPSPSPSPSPSPSPSPSPSPSP
RPRPRPRPRPRPSPSSSSSSSSSSSSSSSSSS
RSRPRRRPRRRPRRRPRPRPRPRPRPRPSSSS
RPRPRPRPRPRPRPRPRPRPRPRPRPSPSSSS
RPRPSPSPSPSPSSSSSSSSSSSSSSSSSSSS
RSRPRRRPRRRPRPRPRPRPRPRPRPRPSSSS
RSRPRRRPRRRPRRRPRRRPRRRPRRRPSSSS
RPRPRPRPRPSPSPSPSPSPSPSPSPSSSSSS
RPRPRPSPSPSPSPSPSSSSSSSSSSSSSSSS
RRRPRRRPRRRPRRRPSSSSSSSSSSSSSSSS
PPPPPPPPPPPPPPPPRPRPRPRPRPSPSPSP
PPPPPPPPPPPPRPSPSPSPSPSPSPSPSPSP
RRRPRRRPRRRPRRRPRRRPRRRPRPRPRPSS
RSRPRRRPRRRPRRRPRRRPRPRPRPRPSSSS
RSRPRPRPRPSSSSSSSSSSSSSSSSSSSSSS
RRRPRPRPRPRPRPSSSSSSSSSSSSSSSSSS
PPPPPPPPPPPPPPPPPPPPPPPPRPSPSPSP
RSRPRRRPRPRPRPRPRPRPRPRPRPSSSSSS
RRRPRPRPRPRPRPRPRPSSSSSSSSSSSSSS
RPRPRPSPSPSPSPSPSPSPSSSSSSSSSSSS
RSRPRRRPRRRPRRRPRRRPRRRPRPRPSSSS
RPRPRPRPRPRPRPRPRPRPRPSPSPSSSSSS
RPRPRPRPRPRPRPRPRPRPRPRPRPSPSPSP
RSRPRPRPRPRPSSSSSSSSSSSSSSSSSSSS
RRRPRRRPRRRPRPRPRPRPRPRPRPRPSSSS
PPPPRPRPRPRPSPSPSPSPSPSPSPSPSPSP
RRRPRRRPRRRPRRRPRPRPRPRPRPRPRPSP
PPPPPPRPRPRPRPRPRPRPRPSPSPSPSPSP
RSRPRRRPRRRPRPRPRPRPRPRPRPRPRPSS
RSRPRRRPRRRPRRRPRPRPRPSSSSSSSSSS
RRRPRRRPRPRPRPRPRPRPRPRPRPSSSSSS
RRRPRRRPRRRPRRRPRPRPRPRPRPRPRPSS
RPRPRPRPRPRPRPRPRPRPRPSPSPSSSSSS
RPRPRPRPRPRPRPSPSSSSSSSSSSSSSSSS
PPRPRPSPSPSPSPSPSPSPSPSPSPSPSPSP
RRRPRRRPRRRPRRRPRPRPRPSSSSSSSSSS
RSRPRRRPRRRPRPRPRPRPRPRPSSSSSSSS
RPRPRPRPRPSPSPSPSPSSSSSSSSSSSSSS
RRRPRRRPRPRPSSSSSSSSSSSSSSSSSSSS
RSRPRRRPRRRPRRRPRPRPRPRPSSSSSSSS
RPRPRPRPRPRPRPRPRPRPRPRPRPRPRPSS
RRRPRRRPRRRPRRRPSSSSSSSSSSSSSSSS
