PSPZLRZSZZRSPPYSPRYSPSPZSSLYYLRP
SSPSRPSLYPLPYSZZRSZRPRZRLZLSLSZS
PYSSSPYLSSLLSYRPSRZSYYPYZRZLSSPZ
SRPZZZRRPPPPRPZRLSSSPZSSLSSSRYPR
SPPPZSRPZPLPLYSSLRZSPYPYZZSRSSPZ
PRZZPSLSSYSSYYLPYPZLYLPSSLZPLYYZ
PSSSSSPSRPSSYYLPYSSZLPYYRRZZYRSZ
PPLLSZYYSZSLRPPPSPPRSSPRZSZPRPRZ
ZZPYLZPRLSSSRSPRYPZSSPLSLSLPLYSS
LSZSRLYLPPPPZRYPSPSSPZSPPRRZRSRL
RSRPPPZRRZSSRSLZSLSSPSSSPSZSRZYP
YLRYZLPRSYZZYLZYZPSSSZPYYLPZSPPR
SYSSZRYPSYLYSZLRRPRSSRLZSSPRSSPL
ZRYPSSSYPPLSSRSZZSPPYPSPPPSYRZSZ
LLRPPRLSPRSYSPRZYSPLYZPZLLPSPRLZ
YZZSZPZSPPYYZYSRPRSSSPSLRSPRRPSS
ZRRPSYPYZRZSZSZZLSSSLSPLLZYPSYYL
YYRLPYPPZZSZSLPRPYLSPZSLYRPLYLPZ
PYSYSRYZLPZYSSZZSSPYSLLSYSPZLPSY
LSLYZZPPPYYSSPSSPRSYZZSYPPRZZYPR
PRRRPRRSZZPPPSPSPPSYRRZRLYSSSSYS
SPSSPSLLYZLLLZYSPSYRYLLPPZSSPSZP
PYRLPSLZRPYZPZSSZYPYZSYSYPZSSSSL
ZZPRYZYLLYSSPPRYZPZPPPSSZPYRRPYR
LZRPYSPLSSPLPZRPSZRYPPPYZLZSSRZL
YPZRZLSRLPPRZZRSPLSYLSSSRPYSYZSY
PSZLYSPYLSPZRPLSPYSSYPZLYSLPZZPR
YSSSPLYLPYZLSLSSPZLSRSYPZSLPLRPP
PPYPZRSLYPZLSLPZRPSSPPZZRPLSSLPP
YLYZZLPPZLPRSRPYPZPZSLSPYPLSLSRP
PPYSZSSRLZYZYZSSZYYSPPPRPZSLSSLS
PSZPPYZZRZPYLRYSZPZPLYSSYPRSPRRS
ZPPZSSYYYZLYYSPYPSZPPRRYZPSSSLSS
LLLPPLZPSSZPRPPSSSSYRPRLRZZSSYZR
YYSPRSYPZRZRZZZRLSYPSSZPSSSSSZRP
SPSSSLPPSPSSYPPSLYYYPRRZPRRZPSYZ
PPSZSSSPRPZRLRRZRLLRRPRLPLSPSPSS
LSPLPYPZZZPSPYSYPSRPPPZRSZSRLRRP
YRPRZSZLYZLYSPYPPZSSSZPPPPPPSZYS
PYSZLLYZSSZPSYLPLZSZRSZLPPYSYPRS
RYLPPLPPZPZSZSYYZPYPLSLLYPSSSSPY
YPSPZPZPZYPLSPSPZLSYLSYZYYPPLRSP
RPPZPRPSRPZYRPZYLYSSSPZPYSLLSYZR
YPSZLLSSPRSYYLZZRYPLZYYZYZZSPPPP
RPZSPRZSPPRRSSLLLSSLRPZPRSRPPZSS
SPRSSPRZYSSZSYPRYRPYLSSLPYZZRSPR
ZRZYYZSYRRPPRRZPPZSLPZLSZPLLLSLL
PPZRSSYLZZYYPPSYZRZSSZSYPYSYSSRL
LPSYZSPRZPPZSPSSPPRRPZSPYSSZPYSR
SZPYYYLLPZPZPZPSYSSSZRZZYSZLYSLP
