PZSPSSPRPLRPSLYZYYZSZYLYPPSZSSSL
LZLLPYZRSSSLSZRPSPPRSZRRYPYYYSRY
YSPLPLSSPPLPYSZLSSSSSZSLRZRPRYSZ
ZZYSPLPPRZSSYRSPPPSSYZLPZPYSRPLL
RSZLRZPYPSRPZZPRZRSYYZPRPSSSPPSL
RSPRSPSSZPPSRRRPYZZYRPYLYRSLPSRL
SPYPPYSRPLRYSPPYZZZZRZSLPLRSPPLR
YRRSPRZYRPSSZRPPRPSRYSLSSLSPYPRZ
SZRPSSPLYZPLLSYRPSLLPZSSLYSPLSPZ
ZSPYLSZPLLLPSYZYLSPZSSRPZSSPSYYP
LLSLPRLZZZPPRPZZSLZPZPSSPPZRSSRS
PLSSPPZLSZRPRPPLRPSRLRRSLZPPLSYP
SLSLLYSYPYYZZPPZPPSYLZSRRZZSRPPS
SSPLLLSSSRPPZZPZRPRRZYRLZPSSSSSY
PRLRSZZZYPRSLSZPPPZZSSPZRRPPLRRR
ZLYRSPLZRZYPSRYSPYPZRPSSYLZPSPYL
PRZSRZYSRZPYRSYPSSSPZSYPPRYZSSRP
PSLYPYYZSSYPPPZLRPLSYPLSPLYZPSPP
PRYZPPPLRPSSYRZSPPZRSRPLLYZPZPSS
ZPLSYRYLPYRZZZYZPRSRZRSRSLZPPPYR
RYYLSSLPZLYPSSSLRPZSZPPSZYPLYZZY
LPZYLSSPYSYLPZSLPPRLZSRZLSSSRYPP
PPSRRPSRYRRSZZZYPYPSRZPPPLSSRPPS
ZRPYRZYSZSLRRPRZSLSLYYPYRLYPRYSS
PPSRSLZSPPPZSLZPSSRPSSSPRPZZPSSS
YRPYZLSLLLSLLPZYSZZYRYSSPRSRLYZY
YYRZYPPPPSLSYZPPRZRPZSPZYPPZSZRP
PPSSSLLPYSLYSYZZPSSPYPYSYZYLZZSY
SRPRPRSYYPZSSPPZYRSRRRZSRYPPPPLY
PPPLSSYYSSSSPZSLSLRPPPYRZZRYPYLR
PSPSLZRPSRPYPRRZZPSSLLSPRLPPYZSS
SSYPYLSLPZSSYRLPSPSSPLRZPRSRYSRZ
LLSSSPLPLZRRRPZRPYYRPZSSLSLSSRPP
PPSPLSPLSYPRLSZRPPPPRLZRYLYZZSZZ
YPRZSZPRPYPSYSPPYPRSRYSYZZSPLZPS
YPYYZSYSLSPZPPZLPRYRPSSYPRRSSSPS
RYPPLZLRRZLSZYSZSSPPSPZPPPSZYRLP
LSLYZPSSZRSSPYYSYPSRPZRRSZZSPRZR
SLRRZZZPPRYYYSPPSSRZYSPPSSSLPSZP
ZLSRPPYSRZPYPSLYRSLSZRRPZLYYLSZS
PPRSSYZSZSZZRZSSSSRPPYSSPZSLPRSR
PPYZPZSSZPZSLRPRLRSRYZYYRYPYYSPR
LYSRRZPYYRSLSSPYSSRPSLZPLLZPZRPP
ZPSPSZZRSYYPYZRSRSZZYSPPSSYPSSPY
YZSPRZRPPSZPYPSPZPYLPLZSRLSSPPSY
SSSPPRSZSLSPSPSPRZYSRYYPPZSZLRSP
ZZPSPRRSRPSSYPYSZPPSPLSSPZZZYPRZ
PZZPPYSSSLPZPYYZZSYRSLRYLRZSPPSR
LRSZPPYPSSSSZSSYZZYSYPZYPSSSSSPS
PZSLZYZSYSZSYPLRPSPRLSPRYZPPYZYY
