RSRPRRRPRPRPRPSSSSSSSSSSSSSSSSSS
RSRPRRRPRRRPRRRPRRRPRRRPRRRPRPSS
RPRPRPRPRPRPRPRPRPRPRPRPRPRPRPSP
RSRPRRRPRRRPRPRPRPRPRPSSSSSSSSSS
PPPPPPPPPPRPRPRPRPRPRPRPRPSPSPSP
RPRPSPSPSPSPSPSPSPSSSSSSSSSSSSSS
RSRPRRRPRRRPRRRPRRRPRRRPRRRPRPSS
RSRPRRRPRRRPRRRPRRRPRRRPRPSSSSSS
RPRPRPRPRPRPSPSPSPSPSPSPSSSSSSSS
RSRPRRRPRRRPRRRPRPRPRPRPSSSSSSSS
PPPPPPPPPPPPPPPPPPPPPPRPRPRPSPSP
RSRPRRRPRRRPRRRPRRRPRRRPRRRPRPSS
RRRPRRRPRPRPSSSSSSSSSSSSSSSSSSSS
RSRPRRRPRRRPRRRPRPRPSSSSSSSSSSSS
RSRPRRRPRRRPRRRPRRRPRRRPRPRPRPSS
RPRPRPRPRPRPRPRPRPRPRPRPRPRPRPSS
RSRPRRRPRRRPRRRPSSSSSSSSSSSSSSSS
PPPPPPPPPPPPPPRPRPRPSPSPSPSPSPSP
RPRPRPRPRPRPRPRPRPRPRPRPRPRPRPSP
RRRPRRRPRRRPRRRPRRRPRRRPRRRPRPSP
RPRPRPRPRPRPSPSSSSSSSSSSSSSSSSSS
PPPPPPRPRPRPRPRPSPSPSPSPSPSPSPSP
RPSPSPSPSPSPSPSPSPSSSSSSSSSSSSSS
RRRPRRRPRRRPRRRPRPRPRPRPRPRPSSSS
RRRPRRRPRRRPRRRPRPRPRPSSSSSSSSSS
RPRPRPRPRPSPSSSSSSSSSSSSSSSSSSSS
RRRPRRRPRRRPRPRPRPRPRPSSSSSSSSSS
RPRPRPRPRPSPSPSPSPSPSPSPSSSSSSSS
RRRPRRRPRPRPRPRPRPRPRPSSSSSSSSSS
RRRPRRRPRRRPRRRPRRRPRPRPRPRPRPSS
RPRPRPRPRPRPSPSPSPSSSSSSSSSSSSSS
PPPPPPRPRPRPRPSPSPSPSPSPSPSPSPSP
RPRPRPSPSPSPSPSSSSSSSSSSSSSSSSSS
RSRPRRRPRRRPRPRPRPRPRPRPRPRPRPSS
RPRPRPRPRPRPRPSPSSSSSSSSSSSSSSSS
PPPPPPPPPPPPPPPPPPPPRPRPRPSPSPSP
PPPPPPRPRPRPRPRPSPSPSPSPSPSPSPSP
PPPPPPPPPPPPPPRPRPRPRPRPRPRPRPSP
RSRPRRRPRRRPRRRPRPRPRPRPRPSSSSSS
PPPPPPPPPPPPPPPPPPRPRPRPSPSPSPSP
RRRPRRRPRPRPRPRPRPRPRPSSSSSSSSSS
RSRPRRRPRRRPRRRPRRRPRPRPRPRPRPSS
RPRPRPRPRPRPRPRPRPRPRPSPSPSPSSSS
PPPPRPRPSPSPSPSPSPSPSPSPSPSPSPSP
RPSPSPSPSPSPSPSPSSSSSSSSSSSSSSSS
RSRPRPRPRPRPRPRPRPRPRPRPSSSSSSSS
PPPPPPPPPPPPPPPPRPSPSPSPSPSPSPSP
PPPPPPPPPPPPRPRPRPRPRPRPSPSPSPSP
RRRPRRRPRRRPRRRPRRRPRPRPRPRPSSSS
PPPPPPPPPPPPPPPPRPRPSPSPSPSPSPSP
