SSSSPRRRPRRRRRRRPRRRRRRRRRSPSPPR
SPPRPRRRPRRRRRRRPRRRRRRRRRRRRRRS
SLPYPYRRPRRRRRRRPRRRRRRRRRRRRRRR
SLLYLYYYLYYYYRRRPRRRRRRRRRRRLYYR
SPPPPPYYPRRRRRRRPRRRRRRRRSLPLPPR
SPPPPPPPPPPPPPPPPYYYYYYYYYYYYYYR
SSLYLYYYLYYYYYYYLYYRYRRRYRRRRLLY
SLLYLYYYPRRRRRRRPRRRRRRRRRRRLYYR
SSLLLYYRLYYRYRRRLYYRYRRLYRRLRLLY
SPPPPPPYPYYYYYYYPYYYYYYYRRSPLPPR
SPPPPPPPPPPPPPYRPRRRRRRRRSSPLPPR
SSLYLYYYPRRRRRRRPRRRRRRRRRRRLYYR
SPPPPPYRPRRRRRRRPRRRRRRRRLLPLPPR
SPPPPPPPPPYYRRRRPRRRRRRRRRLPLPPR
SPPPPPPPPPPYYYRRPRRRRRRRRLLPLPPR
SPPPPYRRPRRRRRRRPRRRRRSPRLLPLPPR
SSSSPYYYPYYYRRRRPRRSRSSSRSSPLPPR
SPPPPPPPPPRRRRRRPRRRRRRRRSSPSPPR
SPPPPPPPPPPPPYYYPYYYYRRRRSLPLPPR
SLPRPRRRPRRRRRRRPRRLRLLPRLLPLPPR
SLLYLYYRLYYRYRRRLYYRYRRRYRRRRRRL
SSSSPYYYPRRRRRRRPRRRRRRRRRRRLYPR
SSPRPRRRPRRRRRRRPRRRRRRRRRSPLPPR
SSSSLLLLPRRRRRRRPRRRRRRLRLLYLPPR
SSLYLYYYPYYYYYRRPRRRRRRRRRRSLYYR
SPPPPPPPPPYRRSSPPRRSRSSPRSLPLPPR
SPPPPPPPPYRRRSSPPRRSRLLPRLLPLPPR
SPPPPPPYPYYYYYRRPRRRRSSPRSLPLPPR
SSSSPRRRPRRRRRRRPRRRRRRRRRRRRLLL
SSPRPRRRPRRRRRRRPRRRRRRRRRRRLPPR
SSSLPRRRPRRRRRRRPRRRRRRRRRLLLLPR
SSPRPRRRPRRRRRRSPRRSRSSPRSSPLPPR
SPPPPPPPPPPPPPPPPPPPPYYYYYYRRRRR
SLPYPRRRPRRRRRRRPRRRRRRRRRRRRRRR
SPPPPPPPPPPPPPPPPYYYYYYYYYRRRRRR
SLLYLYYYPYYRRRRRPRRRRRRRRRRRRRRR
SSLYLYYYLYYYYRRRLYYRYRRRYRRRRRLY
SSPYPRRRPRRRRRRRPRRRRRRRRRRRRRSS
SPPPPPPPPPPPPPPYPYYYYYYYRRSPSPPR
SLLLLLLLPPPPPPPPPPPYYSSPRLLPLPPR
SLLYLYYYPRRRRRRRPRRRRRRRRRRRLYYR
SPPPPPPPPYYYYYYYPYRRRSSPRSSPSPPR
SSSSPRRRPRRRRRRRPRRRRRRSRLLPLPPR
SLLYLYYYPRRRRRRRPRRRRRRRRRRRRRRR
SPPPPRRRPRRRRRRRPRRRRRSPRSSPLPPR
SLLYLYYYLYYYYYYRLYYRYRRRYRRRRRLY
SPPPPPPPPPPYRRSPPRRSRSSPRLLPLPPR
SPPPPPYRPRRRRSSPPRRSRSSPRSSPSPPR
SLLYLYYYPRRRRRRRPRRRRRRRRRRRRRRR
SPPPPPPPPPYYYYYYPRRRRRRRRRRRRRRR
