RPRRRRRRRRRRRRRRRPRSRRRPSSSSSSSS
RPSPSPSPSPSPSPSPSPSPSPSPSPSSSSSS
RPRRRRRRRRRRRRRRRPRRRRRRRPRPRPSS
RPRPRPSPSSSSSSSSSSSSSSSSSSSSSSSS
RPRRRRRRRRRRRRRRRPRRRSRRRPRPRPSS
RPRPRPRPRPRPSPSSSSSSSSSSSSSSSSSS
RPRRRRRRRRRRRRRRRPRRRRRSRPRRRPSS
RPRRRRRRRPRPRPRPRPRPRPRPRPSSSSSS
RPRRRRRRRRRPRPRPRPRPRPRPSSSSSSSS
RPRRRRRRRRRRRRRSRPRPRPRPRPRPRPSS
RPPPSPSPSPSPSPSPSPSPSPSPSPSPSPSP
RPRPRPSPSPSSSSSSSSSSSSSSSSSSSSSS
RPRRRRRRRSSSSSSSSSSSSSSSSSSSSSSS
RPRRRRRRRRRSRPRPRPRPRPRPRPRPRPSS
RPRRRRRRRRRRRRRRRPRRRRRRRPRRRPSS
RPRPRPRPRPRPRPRPRPSPSPSPSPSSSSSS
RPRRRRRRRRRRSSSSSSSSSSSSSSSSSSSS
RPRPRPRPRPRPRPRPRPRPRPPPPPPPSPSP
RPRPRPSPSPSPSPSPSPSPSPSPSSSSSSSS
RPRRRRRRRRRRRRRRRPRRRRRRRPRPSSSS
RPRPRPRPRPRPRPRPRPRPPPPPSPSPSPSP
RPRRRRRRRRRRRRRPRPRPRPSSSSSSSSSS
RPRRRRRRRRRRRRRRRPRRRPSSSSSSSSSS
RPRPRPRPRPRPRPRPRPRPRPRPPPPPPPSP
RPRRRRRPRPRPRPRPRPRPRPRPRPRPRPSS
RPRRRRRRRRRRRRRRRPRRRRRRRPSSSSSS
RPRPRPRPRPRPRPRPRPRPRPRPRPRPSSSS
RPRRRRRRRRRRRRRPRPRPRPRPRPRPRPSP
RPRPRPRPRPRPRPRPRPRPRPSPSPSPSPSS
RPRRRRRRRSRPRPRPRPRPRPSSSSSSSSSS
RPRRRRRRRRRRRSRPRPRPRPSSSSSSSSSS
RPRRRRRRRRRRRRRRRPRSRPRPRPSSSSSS
RPRRRPRPRPRPRPRPSSSSSSSSSSSSSSSS
RPRRRRRRRRRRRRRRRPRRRPSSSSSSSSSS
RPRSRPRPRPRPRPRPRPRPRPRPRPRPRPSS
RPRPRPRPRPPPPPPPPPPPPPSPSPSPSPSP
RPRPRPRPRPPPSPSPSPSPSPSPSPSPSPSP
RPRPRPRPRPRPRPRPRPRPPPPPPPPPPPSP
RPRRRSRPRPRPRPRPRPRPRPRPRPRPRPSS
RPRRRRRRRRRRRRRRRPRRRPSSSSSSSSSS
RPRRRRRRRRRRRRRRSSSSSSSSSSSSSSSS
RPRPRPRPRPRPRPRPRPRPRPPPPPPPPPSP
RPRRRRRRRRRRRRRRRPRPRPRPSSSSSSSS
RPRRRRRRRRRRRRRPRPRPSSSSSSSSSSSS
RPRRRRRRRRRRRRRRRPRSRPRPRPRPSSSS
RPRRRRRRRRRRRRRRRPRRRRSSSSSSSSSS
RPRRRRRRRRRRRPRPRPRPSSSSSSSSSSSS
RPRPPPPPPPPPSPSPSPSPSPSPSPSPSPSP
RPRRRRRRRRRRRPRPSSSSSSSSSSSSSSSS
RPRRRRRRRRRRRSRPRPRPRPRPRPRPRPSS
