PPPPPPYPRRRYRRRPRRRRRRRPRRRPRPPS
YYYYRYRYRRRYRYYLLRRYRYYLRYYLYLLS
PPPPPPRPRRRRRRRPRRRRLRRPLRRPRPPS
RRRRRRRRRRRRRRRPRRRRRRRPRRRPYLLS
RRRRRRRRRRRRRRRPRRRYRYYLRYYLYLLS
PPPPYPYPRRRRRRRPRRRRRRRPLRRPRPPS
PPPPPPYPRRRYRRRPPSSRSRRPSRRPRPPS
YYYYRYRYRRRYRYYLLRRYRYYLRYYLYLLS
PPPPRPRPRRRRRRRPRRRRRRRPSRRPRPPS
RRRRRRRYRRRYRYYLLRRYRYYLRYYLYLPS
SSSSSSSSSSSSPSPSPPPPSRRPLRRPRPPS
YYYPYYYPYYYYYYYPRRRYRRRPLRRPRPPS
YYYYYYYPRYRYRRRPPSSRLRRPLRRPRPPS
YYYPYYYPYYYYRYRPRRSRLRRPLRRPRPPS
PPPPPPPPRRRYRRRPRRRRRRRPRRRPRPPS
SSLSLSSYLSSYSYYLPSSYLRRPLRRPRPPS
PPPPRPRPRRRRRRRPRRSRSRRPLRRPRPPS
PPPPPPPPPPPPPPPPPPPPPPPPPPYPRPPS
YYYYYYYYYYYYRYYLLRRYRYYLRYYLYLLS
YYRYRRRYRRRYRYYLRRRRLRRPLRRPRPPS
PPPPPPPPRYRYRRRPRRRRRRRPLRRPRPPS
RRRRRRRRRRRRRRRPRRRYRYYLSSLSRPPS
PPPPRRRPRRRRRRRPRRRRRRRPSRRPRPPS
YYYYYYRYRRRYRYYLRRRYRYYLRYYLYLPS
YYYYYYYYYYYYYYYPSYSYSYYPSSSSRPPS
PPPPPPPPPPPPPPPPPPPPYYRPRRRPRPPS
RRRRRRRRRRRRRRRPRRRRRRRPRYYLYLLS
RRRRRRRYRRRYRYYLRRRRRRRPRYYLRPPS
RRRRRRRRRRRRRRRPRRRYRYLLRYLLLLPS
PPPPPPRPRRRRSRRPPSSRSRRPSRRPRPPS
RRRRRRRRRRRRRRRPLLLLLLLSLLYLRPPS
YYYYSYSYSSSYSRRPPSSRSRRPLRRPRPPS
PPPPPPYPYYYYRYRPRRRRRRRPRRRPRPPS
RRRRRRRYRRRYRYYLRRRYRYYLYLSSYLPS
YYYYRRRYRRRYRYYLSRRYRYYLRYYLYLPS
PPPPPPPPPPPPPPPSPPRPSRRPSRRPRPPS
PPPPPPPPYYYPYYYPYYYYYYRPLRRPRPPS
LLLSPPPSPPPPPPPSPPPPPPRPLRRPRPPS
PPPPPPPPRYRPRRRPRRRRRRRPRRRPRPPS
RRRRRRRRRRRRRRRPRRRYRYYLRRRPYLLS
RRRRRRRYRRRYRYYLLRRYRYYLRYYLYLPS
LLLLPLPSPPPPPPPSPPPPPPPPPPRPRPPS
PPPPPPPPSYPPSYYPPSSYSRRPLRRPRPPS
PPPPPPPLYYYPYPPLPSSYSYYPSYRPRPPS
RRRRRRRYRRRRSRRPYLLRLRRPLRRPRPPS
PLPLPPPLPPPPPPPLPPPPPPYPYYRPRPPS
PPPPRPRPRRRRRRRPRRSRLRRPLRRPRPPS
SSSSLSSYLLLLLLLLPLLRLRRPLRRPRPPS
PLPLPPPSPPPPPPPSPPPPPPPPSYYPRPPS
PPPPPPPPPPPPPPPPPPPPPPYPYYRPRPPS
